{"numFailedTestSuites":0,"numFailedTests":0,"numPassedTestSuites":1,"numPassedTests":114,"numPendingTestSuites":0,"numPendingTests":0,"numRuntimeErrorTestSuites":0,"numTodoTests":0,"numTotalTestSuites":1,"numTotalTests":114,"openHandles":[],"snapshot":{"added":0,"didUpdate":false,"failure":false,"filesAdded":0,"filesRemoved":0,"filesRemovedList":[],"filesUnmatched":0,"filesUpdated":0,"matched":0,"total":0,"unchecked":0,"uncheckedKeysByFile":[],"unmatched":0,"updated":0},"startTime":1773526921252,"success":true,"testResults":[{"assertionResults":[{"ancestorTitles":["dashboard helpers"],"duration":2,"failureDetails":[],"failureMessages":[],"fullName":"dashboard helpers inferRole resolves known roles","invocations":1,"location":null,"numPassingAsserts":3,"retryReasons":[],"status":"passed","title":"inferRole resolves known roles"},{"ancestorTitles":["dashboard helpers"],"duration":0,"failureDetails":[],"failureMessages":[],"fullName":"dashboard helpers getAuthHeaders returns required headers","invocations":1,"location":null,"numPassingAsserts":1,"retryReasons":[],"status":"passed","title":"getAuthHeaders returns required headers"},{"ancestorTitles":["dashboard helpers"],"duration":1,"failureDetails":[],"failureMessages":[],"fullName":"dashboard helpers buildReportUrl encodes participant filter when provided","invocations":1,"location":null,"numPassingAsserts":3,"retryReasons":[],"status":"passed","title":"buildReportUrl encodes participant filter when provided"},{"ancestorTitles":["dashboard helpers"],"duration":1,"failureDetails":[],"failureMessages":[],"fullName":"dashboard helpers filterVisibleTemplates applies role filtering","invocations":1,"location":null,"numPassingAsserts":2,"retryReasons":[],"status":"passed","title":"filterVisibleTemplates applies role filtering"},{"ancestorTitles":["dashboard helpers"],"duration":0,"failureDetails":[],"failureMessages":[],"fullName":"dashboard helpers paginateTemplates deterministic case 1","invocations":1,"location":null,"numPassingAsserts":1,"retryReasons":[],"status":"passed","title":"paginateTemplates deterministic case 1"},{"ancestorTitles":["dashboard helpers"],"duration":1,"failureDetails":[],"failureMessages":[],"fullName":"dashboard helpers paginateTemplates deterministic case 2","invocations":1,"location":null,"numPassingAsserts":1,"retryReasons":[],"status":"passed","title":"paginateTemplates deterministic case 2"},{"ancestorTitles":["dashboard helpers"],"duration":0,"failureDetails":[],"failureMessages":[],"fullName":"dashboard helpers paginateTemplates deterministic case 3","invocations":1,"location":null,"numPassingAsserts":1,"retryReasons":[],"status":"passed","title":"paginateTemplates deterministic case 3"},{"ancestorTitles":["dashboard helpers"],"duration":0,"failureDetails":[],"failureMessages":[],"fullName":"dashboard helpers paginateTemplates deterministic case 4","invocations":1,"location":null,"numPassingAsserts":1,"retryReasons":[],"status":"passed","title":"paginateTemplates deterministic case 4"},{"ancestorTitles":["dashboard helpers"],"duration":1,"failureDetails":[],"failureMessages":[],"fullName":"dashboard helpers paginateTemplates deterministic case 5","invocations":1,"location":null,"numPassingAsserts":1,"retryReasons":[],"status":"passed","title":"paginateTemplates deterministic case 5"},{"ancestorTitles":["dashboard helpers"],"duration":0,"failureDetails":[],"failureMessages":[],"fullName":"dashboard helpers paginateTemplates deterministic case 6","invocations":1,"location":null,"numPassingAsserts":1,"retryReasons":[],"status":"passed","title":"paginateTemplates deterministic case 6"},{"ancestorTitles":["dashboard helpers"],"duration":0,"failureDetails":[],"failureMessages":[],"fullName":"dashboard helpers paginateTemplates deterministic case 7","invocations":1,"location":null,"numPassingAsserts":1,"retryReasons":[],"status":"passed","title":"paginateTemplates deterministic case 7"},{"ancestorTitles":["dashboard helpers"],"duration":0,"failureDetails":[],"failureMessages":[],"fullName":"dashboard helpers paginateTemplates deterministic case 8","invocations":1,"location":null,"numPassingAsserts":1,"retryReasons":[],"status":"passed","title":"paginateTemplates deterministic case 8"},{"ancestorTitles":["dashboard helpers"],"duration":0,"failureDetails":[],"failureMessages":[],"fullName":"dashboard helpers paginateTemplates deterministic case 9","invocations":1,"location":null,"numPassingAsserts":1,"retryReasons":[],"status":"passed","title":"paginateTemplates deterministic case 9"},{"ancestorTitles":["dashboard helpers"],"duration":0,"failureDetails":[],"failureMessages":[],"fullName":"dashboard helpers paginateTemplates deterministic case 10","invocations":1,"location":null,"numPassingAsserts":1,"retryReasons":[],"status":"passed","title":"paginateTemplates deterministic case 10"},{"ancestorTitles":["dashboard helpers"],"duration":1,"failureDetails":[],"failureMessages":[],"fullName":"dashboard helpers paginateTemplates deterministic case 11","invocations":1,"location":null,"numPassingAsserts":1,"retryReasons":[],"status":"passed","title":"paginateTemplates deterministic case 11"},{"ancestorTitles":["dashboard helpers"],"duration":0,"failureDetails":[],"failureMessages":[],"fullName":"dashboard helpers paginateTemplates deterministic case 12","invocations":1,"location":null,"numPassingAsserts":1,"retryReasons":[],"status":"passed","title":"paginateTemplates deterministic case 12"},{"ancestorTitles":["dashboard helpers"],"duration":0,"failureDetails":[],"failureMessages":[],"fullName":"dashboard helpers paginateTemplates deterministic case 13","invocations":1,"location":null,"numPassingAsserts":1,"retryReasons":[],"status":"passed","title":"paginateTemplates deterministic case 13"},{"ancestorTitles":["dashboard helpers"],"duration":0,"failureDetails":[],"failureMessages":[],"fullName":"dashboard helpers paginateTemplates deterministic case 14","invocations":1,"location":null,"numPassingAsserts":1,"retryReasons":[],"status":"passed","title":"paginateTemplates deterministic case 14"},{"ancestorTitles":["dashboard helpers"],"duration":0,"failureDetails":[],"failureMessages":[],"fullName":"dashboard helpers paginateTemplates deterministic case 15","invocations":1,"location":null,"numPassingAsserts":1,"retryReasons":[],"status":"passed","title":"paginateTemplates deterministic case 15"},{"ancestorTitles":["dashboard helpers"],"duration":1,"failureDetails":[],"failureMessages":[],"fullName":"dashboard helpers paginateTemplates deterministic case 16","invocations":1,"location":null,"numPassingAsserts":1,"retryReasons":[],"status":"passed","title":"paginateTemplates deterministic case 16"},{"ancestorTitles":["dashboard helpers"],"duration":0,"failureDetails":[],"failureMessages":[],"fullName":"dashboard helpers paginateTemplates deterministic case 17","invocations":1,"location":null,"numPassingAsserts":1,"retryReasons":[],"status":"passed","title":"paginateTemplates deterministic case 17"},{"ancestorTitles":["dashboard helpers"],"duration":0,"failureDetails":[],"failureMessages":[],"fullName":"dashboard helpers paginateTemplates deterministic case 18","invocations":1,"location":null,"numPassingAsserts":1,"retryReasons":[],"status":"passed","title":"paginateTemplates deterministic case 18"},{"ancestorTitles":["dashboard helpers"],"duration":0,"failureDetails":[],"failureMessages":[],"fullName":"dashboard helpers paginateTemplates deterministic case 19","invocations":1,"location":null,"numPassingAsserts":1,"retryReasons":[],"status":"passed","title":"paginateTemplates deterministic case 19"},{"ancestorTitles":["dashboard helpers"],"duration":0,"failureDetails":[],"failureMessages":[],"fullName":"dashboard helpers paginateTemplates deterministic case 20","invocations":1,"location":null,"numPassingAsserts":1,"retryReasons":[],"status":"passed","title":"paginateTemplates deterministic case 20"},{"ancestorTitles":["dashboard helpers"],"duration":0,"failureDetails":[],"failureMessages":[],"fullName":"dashboard helpers paginateTemplates deterministic case 21","invocations":1,"location":null,"numPassingAsserts":1,"retryReasons":[],"status":"passed","title":"paginateTemplates deterministic case 21"},{"ancestorTitles":["dashboard helpers"],"duration":0,"failureDetails":[],"failureMessages":[],"fullName":"dashboard helpers paginateTemplates deterministic case 22","invocations":1,"location":null,"numPassingAsserts":1,"retryReasons":[],"status":"passed","title":"paginateTemplates deterministic case 22"},{"ancestorTitles":["dashboard helpers"],"duration":1,"failureDetails":[],"failureMessages":[],"fullName":"dashboard helpers paginateTemplates deterministic case 23","invocations":1,"location":null,"numPassingAsserts":1,"retryReasons":[],"status":"passed","title":"paginateTemplates deterministic case 23"},{"ancestorTitles":["dashboard helpers"],"duration":0,"failureDetails":[],"failureMessages":[],"fullName":"dashboard helpers paginateTemplates deterministic case 24","invocations":1,"location":null,"numPassingAsserts":1,"retryReasons":[],"status":"passed","title":"paginateTemplates deterministic case 24"},{"ancestorTitles":["dashboard helpers"],"duration":0,"failureDetails":[],"failureMessages":[],"fullName":"dashboard helpers paginateTemplates deterministic case 25","invocations":1,"location":null,"numPassingAsserts":1,"retryReasons":[],"status":"passed","title":"paginateTemplates deterministic case 25"},{"ancestorTitles":["dashboard helpers"],"duration":0,"failureDetails":[],"failureMessages":[],"fullName":"dashboard helpers paginateTemplates deterministic case 26","invocations":1,"location":null,"numPassingAsserts":1,"retryReasons":[],"status":"passed","title":"paginateTemplates deterministic case 26"},{"ancestorTitles":["dashboard helpers"],"duration":3,"failureDetails":[],"failureMessages":[],"fullName":"dashboard helpers paginateTemplates deterministic case 27","invocations":1,"location":null,"numPassingAsserts":1,"retryReasons":[],"status":"passed","title":"paginateTemplates deterministic case 27"},{"ancestorTitles":["dashboard helpers"],"duration":0,"failureDetails":[],"failureMessages":[],"fullName":"dashboard helpers paginateTemplates deterministic case 28","invocations":1,"location":null,"numPassingAsserts":1,"retryReasons":[],"status":"passed","title":"paginateTemplates deterministic case 28"},{"ancestorTitles":["dashboard helpers"],"duration":0,"failureDetails":[],"failureMessages":[],"fullName":"dashboard helpers paginateTemplates deterministic case 29","invocations":1,"location":null,"numPassingAsserts":1,"retryReasons":[],"status":"passed","title":"paginateTemplates deterministic case 29"},{"ancestorTitles":["dashboard helpers"],"duration":0,"failureDetails":[],"failureMessages":[],"fullName":"dashboard helpers paginateTemplates deterministic case 30","invocations":1,"location":null,"numPassingAsserts":1,"retryReasons":[],"status":"passed","title":"paginateTemplates deterministic case 30"},{"ancestorTitles":["dashboard helpers"],"duration":1,"failureDetails":[],"failureMessages":[],"fullName":"dashboard helpers paginateTemplates deterministic case 31","invocations":1,"location":null,"numPassingAsserts":1,"retryReasons":[],"status":"passed","title":"paginateTemplates deterministic case 31"},{"ancestorTitles":["dashboard helpers"],"duration":0,"failureDetails":[],"failureMessages":[],"fullName":"dashboard helpers paginateTemplates deterministic case 32","invocations":1,"location":null,"numPassingAsserts":1,"retryReasons":[],"status":"passed","title":"paginateTemplates deterministic case 32"},{"ancestorTitles":["dashboard helpers"],"duration":0,"failureDetails":[],"failureMessages":[],"fullName":"dashboard helpers paginateTemplates deterministic case 33","invocations":1,"location":null,"numPassingAsserts":1,"retryReasons":[],"status":"passed","title":"paginateTemplates deterministic case 33"},{"ancestorTitles":["dashboard helpers"],"duration":0,"failureDetails":[],"failureMessages":[],"fullName":"dashboard helpers paginateTemplates deterministic case 34","invocations":1,"location":null,"numPassingAsserts":1,"retryReasons":[],"status":"passed","title":"paginateTemplates deterministic case 34"},{"ancestorTitles":["dashboard helpers"],"duration":0,"failureDetails":[],"failureMessages":[],"fullName":"dashboard helpers paginateTemplates deterministic case 35","invocations":1,"location":null,"numPassingAsserts":1,"retryReasons":[],"status":"passed","title":"paginateTemplates deterministic case 35"},{"ancestorTitles":["dashboard helpers"],"duration":0,"failureDetails":[],"failureMessages":[],"fullName":"dashboard helpers paginateTemplates deterministic case 36","invocations":1,"location":null,"numPassingAsserts":1,"retryReasons":[],"status":"passed","title":"paginateTemplates deterministic case 36"},{"ancestorTitles":["dashboard helpers"],"duration":1,"failureDetails":[],"failureMessages":[],"fullName":"dashboard helpers paginateTemplates deterministic case 37","invocations":1,"location":null,"numPassingAsserts":1,"retryReasons":[],"status":"passed","title":"paginateTemplates deterministic case 37"},{"ancestorTitles":["dashboard helpers"],"duration":0,"failureDetails":[],"failureMessages":[],"fullName":"dashboard helpers paginateTemplates deterministic case 38","invocations":1,"location":null,"numPassingAsserts":1,"retryReasons":[],"status":"passed","title":"paginateTemplates deterministic case 38"},{"ancestorTitles":["dashboard helpers"],"duration":0,"failureDetails":[],"failureMessages":[],"fullName":"dashboard helpers paginateTemplates deterministic case 39","invocations":1,"location":null,"numPassingAsserts":1,"retryReasons":[],"status":"passed","title":"paginateTemplates deterministic case 39"},{"ancestorTitles":["dashboard helpers"],"duration":0,"failureDetails":[],"failureMessages":[],"fullName":"dashboard helpers paginateTemplates deterministic case 40","invocations":1,"location":null,"numPassingAsserts":1,"retryReasons":[],"status":"passed","title":"paginateTemplates deterministic case 40"},{"ancestorTitles":["dashboard helpers"],"duration":0,"failureDetails":[],"failureMessages":[],"fullName":"dashboard helpers paginateTemplates deterministic case 41","invocations":1,"location":null,"numPassingAsserts":1,"retryReasons":[],"status":"passed","title":"paginateTemplates deterministic case 41"},{"ancestorTitles":["dashboard helpers"],"duration":0,"failureDetails":[],"failureMessages":[],"fullName":"dashboard helpers paginateTemplates deterministic case 42","invocations":1,"location":null,"numPassingAsserts":1,"retryReasons":[],"status":"passed","title":"paginateTemplates deterministic case 42"},{"ancestorTitles":["dashboard helpers"],"duration":0,"failureDetails":[],"failureMessages":[],"fullName":"dashboard helpers paginateTemplates deterministic case 43","invocations":1,"location":null,"numPassingAsserts":1,"retryReasons":[],"status":"passed","title":"paginateTemplates deterministic case 43"},{"ancestorTitles":["dashboard helpers"],"duration":0,"failureDetails":[],"failureMessages":[],"fullName":"dashboard helpers paginateTemplates deterministic case 44","invocations":1,"location":null,"numPassingAsserts":1,"retryReasons":[],"status":"passed","title":"paginateTemplates deterministic case 44"},{"ancestorTitles":["dashboard helpers"],"duration":0,"failureDetails":[],"failureMessages":[],"fullName":"dashboard helpers paginateTemplates deterministic case 45","invocations":1,"location":null,"numPassingAsserts":1,"retryReasons":[],"status":"passed","title":"paginateTemplates deterministic case 45"},{"ancestorTitles":["dashboard helpers"],"duration":0,"failureDetails":[],"failureMessages":[],"fullName":"dashboard helpers paginateTemplates deterministic case 46","invocations":1,"location":null,"numPassingAsserts":1,"retryReasons":[],"status":"passed","title":"paginateTemplates deterministic case 46"},{"ancestorTitles":["dashboard helpers"],"duration":0,"failureDetails":[],"failureMessages":[],"fullName":"dashboard helpers paginateTemplates deterministic case 47","invocations":1,"location":null,"numPassingAsserts":1,"retryReasons":[],"status":"passed","title":"paginateTemplates deterministic case 47"},{"ancestorTitles":["dashboard helpers"],"duration":0,"failureDetails":[],"failureMessages":[],"fullName":"dashboard helpers paginateTemplates deterministic case 48","invocations":1,"location":null,"numPassingAsserts":1,"retryReasons":[],"status":"passed","title":"paginateTemplates deterministic case 48"},{"ancestorTitles":["dashboard helpers"],"duration":1,"failureDetails":[],"failureMessages":[],"fullName":"dashboard helpers paginateTemplates deterministic case 49","invocations":1,"location":null,"numPassingAsserts":1,"retryReasons":[],"status":"passed","title":"paginateTemplates deterministic case 49"},{"ancestorTitles":["dashboard helpers"],"duration":0,"failureDetails":[],"failureMessages":[],"fullName":"dashboard helpers paginateTemplates deterministic case 50","invocations":1,"location":null,"numPassingAsserts":1,"retryReasons":[],"status":"passed","title":"paginateTemplates deterministic case 50"},{"ancestorTitles":["dashboard helpers"],"duration":0,"failureDetails":[],"failureMessages":[],"fullName":"dashboard helpers paginateTemplates deterministic case 51","invocations":1,"location":null,"numPassingAsserts":1,"retryReasons":[],"status":"passed","title":"paginateTemplates deterministic case 51"},{"ancestorTitles":["dashboard helpers"],"duration":0,"failureDetails":[],"failureMessages":[],"fullName":"dashboard helpers paginateTemplates deterministic case 52","invocations":1,"location":null,"numPassingAsserts":1,"retryReasons":[],"status":"passed","title":"paginateTemplates deterministic case 52"},{"ancestorTitles":["dashboard helpers"],"duration":0,"failureDetails":[],"failureMessages":[],"fullName":"dashboard helpers paginateTemplates deterministic case 53","invocations":1,"location":null,"numPassingAsserts":1,"retryReasons":[],"status":"passed","title":"paginateTemplates deterministic case 53"},{"ancestorTitles":["dashboard helpers"],"duration":0,"failureDetails":[],"failureMessages":[],"fullName":"dashboard helpers paginateTemplates deterministic case 54","invocations":1,"location":null,"numPassingAsserts":1,"retryReasons":[],"status":"passed","title":"paginateTemplates deterministic case 54"},{"ancestorTitles":["dashboard helpers"],"duration":1,"failureDetails":[],"failureMessages":[],"fullName":"dashboard helpers paginateTemplates deterministic case 55","invocations":1,"location":null,"numPassingAsserts":1,"retryReasons":[],"status":"passed","title":"paginateTemplates deterministic case 55"},{"ancestorTitles":["dashboard helpers"],"duration":0,"failureDetails":[],"failureMessages":[],"fullName":"dashboard helpers paginateTemplates deterministic case 56","invocations":1,"location":null,"numPassingAsserts":1,"retryReasons":[],"status":"passed","title":"paginateTemplates deterministic case 56"},{"ancestorTitles":["dashboard helpers"],"duration":0,"failureDetails":[],"failureMessages":[],"fullName":"dashboard helpers paginateTemplates deterministic case 57","invocations":1,"location":null,"numPassingAsserts":1,"retryReasons":[],"status":"passed","title":"paginateTemplates deterministic case 57"},{"ancestorTitles":["dashboard helpers"],"duration":0,"failureDetails":[],"failureMessages":[],"fullName":"dashboard helpers paginateTemplates deterministic case 58","invocations":1,"location":null,"numPassingAsserts":1,"retryReasons":[],"status":"passed","title":"paginateTemplates deterministic case 58"},{"ancestorTitles":["dashboard helpers"],"duration":0,"failureDetails":[],"failureMessages":[],"fullName":"dashboard helpers paginateTemplates deterministic case 59","invocations":1,"location":null,"numPassingAsserts":1,"retryReasons":[],"status":"passed","title":"paginateTemplates deterministic case 59"},{"ancestorTitles":["dashboard helpers"],"duration":0,"failureDetails":[],"failureMessages":[],"fullName":"dashboard helpers paginateTemplates deterministic case 60","invocations":1,"location":null,"numPassingAsserts":1,"retryReasons":[],"status":"passed","title":"paginateTemplates deterministic case 60"},{"ancestorTitles":["dashboard helpers"],"duration":1,"failureDetails":[],"failureMessages":[],"fullName":"dashboard helpers paginateTemplates deterministic case 61","invocations":1,"location":null,"numPassingAsserts":1,"retryReasons":[],"status":"passed","title":"paginateTemplates deterministic case 61"},{"ancestorTitles":["dashboard helpers"],"duration":0,"failureDetails":[],"failureMessages":[],"fullName":"dashboard helpers paginateTemplates deterministic case 62","invocations":1,"location":null,"numPassingAsserts":1,"retryReasons":[],"status":"passed","title":"paginateTemplates deterministic case 62"},{"ancestorTitles":["dashboard helpers"],"duration":0,"failureDetails":[],"failureMessages":[],"fullName":"dashboard helpers paginateTemplates deterministic case 63","invocations":1,"location":null,"numPassingAsserts":1,"retryReasons":[],"status":"passed","title":"paginateTemplates deterministic case 63"},{"ancestorTitles":["dashboard helpers"],"duration":0,"failureDetails":[],"failureMessages":[],"fullName":"dashboard helpers paginateTemplates deterministic case 64","invocations":1,"location":null,"numPassingAsserts":1,"retryReasons":[],"status":"passed","title":"paginateTemplates deterministic case 64"},{"ancestorTitles":["dashboard helpers"],"duration":0,"failureDetails":[],"failureMessages":[],"fullName":"dashboard helpers paginateTemplates deterministic case 65","invocations":1,"location":null,"numPassingAsserts":1,"retryReasons":[],"status":"passed","title":"paginateTemplates deterministic case 65"},{"ancestorTitles":["dashboard helpers"],"duration":0,"failureDetails":[],"failureMessages":[],"fullName":"dashboard helpers paginateTemplates deterministic case 66","invocations":1,"location":null,"numPassingAsserts":1,"retryReasons":[],"status":"passed","title":"paginateTemplates deterministic case 66"},{"ancestorTitles":["dashboard helpers"],"duration":0,"failureDetails":[],"failureMessages":[],"fullName":"dashboard helpers paginateTemplates deterministic case 67","invocations":1,"location":null,"numPassingAsserts":1,"retryReasons":[],"status":"passed","title":"paginateTemplates deterministic case 67"},{"ancestorTitles":["dashboard helpers"],"duration":1,"failureDetails":[],"failureMessages":[],"fullName":"dashboard helpers paginateTemplates deterministic case 68","invocations":1,"location":null,"numPassingAsserts":1,"retryReasons":[],"status":"passed","title":"paginateTemplates deterministic case 68"},{"ancestorTitles":["dashboard helpers"],"duration":0,"failureDetails":[],"failureMessages":[],"fullName":"dashboard helpers paginateTemplates deterministic case 69","invocations":1,"location":null,"numPassingAsserts":1,"retryReasons":[],"status":"passed","title":"paginateTemplates deterministic case 69"},{"ancestorTitles":["dashboard helpers"],"duration":0,"failureDetails":[],"failureMessages":[],"fullName":"dashboard helpers paginateTemplates deterministic case 70","invocations":1,"location":null,"numPassingAsserts":1,"retryReasons":[],"status":"passed","title":"paginateTemplates deterministic case 70"},{"ancestorTitles":["dashboard helpers"],"duration":0,"failureDetails":[],"failureMessages":[],"fullName":"dashboard helpers paginateTemplates deterministic case 71","invocations":1,"location":null,"numPassingAsserts":1,"retryReasons":[],"status":"passed","title":"paginateTemplates deterministic case 71"},{"ancestorTitles":["dashboard helpers"],"duration":0,"failureDetails":[],"failureMessages":[],"fullName":"dashboard helpers paginateTemplates deterministic case 72","invocations":1,"location":null,"numPassingAsserts":1,"retryReasons":[],"status":"passed","title":"paginateTemplates deterministic case 72"},{"ancestorTitles":["dashboard helpers"],"duration":0,"failureDetails":[],"failureMessages":[],"fullName":"dashboard helpers paginateTemplates deterministic case 73","invocations":1,"location":null,"numPassingAsserts":1,"retryReasons":[],"status":"passed","title":"paginateTemplates deterministic case 73"},{"ancestorTitles":["dashboard helpers"],"duration":1,"failureDetails":[],"failureMessages":[],"fullName":"dashboard helpers paginateTemplates deterministic case 74","invocations":1,"location":null,"numPassingAsserts":1,"retryReasons":[],"status":"passed","title":"paginateTemplates deterministic case 74"},{"ancestorTitles":["dashboard helpers"],"duration":0,"failureDetails":[],"failureMessages":[],"fullName":"dashboard helpers paginateTemplates deterministic case 75","invocations":1,"location":null,"numPassingAsserts":1,"retryReasons":[],"status":"passed","title":"paginateTemplates deterministic case 75"},{"ancestorTitles":["dashboard helpers"],"duration":0,"failureDetails":[],"failureMessages":[],"fullName":"dashboard helpers paginateTemplates deterministic case 76","invocations":1,"location":null,"numPassingAsserts":1,"retryReasons":[],"status":"passed","title":"paginateTemplates deterministic case 76"},{"ancestorTitles":["dashboard helpers"],"duration":0,"failureDetails":[],"failureMessages":[],"fullName":"dashboard helpers paginateTemplates deterministic case 77","invocations":1,"location":null,"numPassingAsserts":1,"retryReasons":[],"status":"passed","title":"paginateTemplates deterministic case 77"},{"ancestorTitles":["dashboard helpers"],"duration":0,"failureDetails":[],"failureMessages":[],"fullName":"dashboard helpers paginateTemplates deterministic case 78","invocations":1,"location":null,"numPassingAsserts":1,"retryReasons":[],"status":"passed","title":"paginateTemplates deterministic case 78"},{"ancestorTitles":["dashboard helpers"],"duration":0,"failureDetails":[],"failureMessages":[],"fullName":"dashboard helpers paginateTemplates deterministic case 79","invocations":1,"location":null,"numPassingAsserts":1,"retryReasons":[],"status":"passed","title":"paginateTemplates deterministic case 79"},{"ancestorTitles":["dashboard helpers"],"duration":0,"failureDetails":[],"failureMessages":[],"fullName":"dashboard helpers paginateTemplates deterministic case 80","invocations":1,"location":null,"numPassingAsserts":1,"retryReasons":[],"status":"passed","title":"paginateTemplates deterministic case 80"},{"ancestorTitles":["dashboard helpers"],"duration":1,"failureDetails":[],"failureMessages":[],"fullName":"dashboard helpers paginateTemplates deterministic case 81","invocations":1,"location":null,"numPassingAsserts":1,"retryReasons":[],"status":"passed","title":"paginateTemplates deterministic case 81"},{"ancestorTitles":["dashboard helpers"],"duration":0,"failureDetails":[],"failureMessages":[],"fullName":"dashboard helpers paginateTemplates deterministic case 82","invocations":1,"location":null,"numPassingAsserts":1,"retryReasons":[],"status":"passed","title":"paginateTemplates deterministic case 82"},{"ancestorTitles":["dashboard helpers"],"duration":0,"failureDetails":[],"failureMessages":[],"fullName":"dashboard helpers paginateTemplates deterministic case 83","invocations":1,"location":null,"numPassingAsserts":1,"retryReasons":[],"status":"passed","title":"paginateTemplates deterministic case 83"},{"ancestorTitles":["dashboard helpers"],"duration":0,"failureDetails":[],"failureMessages":[],"fullName":"dashboard helpers paginateTemplates deterministic case 84","invocations":1,"location":null,"numPassingAsserts":1,"retryReasons":[],"status":"passed","title":"paginateTemplates deterministic case 84"},{"ancestorTitles":["dashboard helpers"],"duration":0,"failureDetails":[],"failureMessages":[],"fullName":"dashboard helpers paginateTemplates deterministic case 85","invocations":1,"location":null,"numPassingAsserts":1,"retryReasons":[],"status":"passed","title":"paginateTemplates deterministic case 85"},{"ancestorTitles":["dashboard helpers"],"duration":0,"failureDetails":[],"failureMessages":[],"fullName":"dashboard helpers paginateTemplates deterministic case 86","invocations":1,"location":null,"numPassingAsserts":1,"retryReasons":[],"status":"passed","title":"paginateTemplates deterministic case 86"},{"ancestorTitles":["dashboard helpers"],"duration":1,"failureDetails":[],"failureMessages":[],"fullName":"dashboard helpers paginateTemplates deterministic case 87","invocations":1,"location":null,"numPassingAsserts":1,"retryReasons":[],"status":"passed","title":"paginateTemplates deterministic case 87"},{"ancestorTitles":["dashboard helpers"],"duration":0,"failureDetails":[],"failureMessages":[],"fullName":"dashboard helpers paginateTemplates deterministic case 88","invocations":1,"location":null,"numPassingAsserts":1,"retryReasons":[],"status":"passed","title":"paginateTemplates deterministic case 88"},{"ancestorTitles":["dashboard helpers"],"duration":0,"failureDetails":[],"failureMessages":[],"fullName":"dashboard helpers paginateTemplates deterministic case 89","invocations":1,"location":null,"numPassingAsserts":1,"retryReasons":[],"status":"passed","title":"paginateTemplates deterministic case 89"},{"ancestorTitles":["dashboard helpers"],"duration":0,"failureDetails":[],"failureMessages":[],"fullName":"dashboard helpers paginateTemplates deterministic case 90","invocations":1,"location":null,"numPassingAsserts":1,"retryReasons":[],"status":"passed","title":"paginateTemplates deterministic case 90"},{"ancestorTitles":["dashboard helpers"],"duration":0,"failureDetails":[],"failureMessages":[],"fullName":"dashboard helpers paginateTemplates deterministic case 91","invocations":1,"location":null,"numPassingAsserts":1,"retryReasons":[],"status":"passed","title":"paginateTemplates deterministic case 91"},{"ancestorTitles":["dashboard helpers"],"duration":0,"failureDetails":[],"failureMessages":[],"fullName":"dashboard helpers paginateTemplates deterministic case 92","invocations":1,"location":null,"numPassingAsserts":1,"retryReasons":[],"status":"passed","title":"paginateTemplates deterministic case 92"},{"ancestorTitles":["dashboard helpers"],"duration":0,"failureDetails":[],"failureMessages":[],"fullName":"dashboard helpers paginateTemplates deterministic case 93","invocations":1,"location":null,"numPassingAsserts":1,"retryReasons":[],"status":"passed","title":"paginateTemplates deterministic case 93"},{"ancestorTitles":["dashboard helpers"],"duration":1,"failureDetails":[],"failureMessages":[],"fullName":"dashboard helpers paginateTemplates deterministic case 94","invocations":1,"location":null,"numPassingAsserts":1,"retryReasons":[],"status":"passed","title":"paginateTemplates deterministic case 94"},{"ancestorTitles":["dashboard helpers"],"duration":0,"failureDetails":[],"failureMessages":[],"fullName":"dashboard helpers paginateTemplates deterministic case 95","invocations":1,"location":null,"numPassingAsserts":1,"retryReasons":[],"status":"passed","title":"paginateTemplates deterministic case 95"},{"ancestorTitles":["dashboard helpers"],"duration":0,"failureDetails":[],"failureMessages":[],"fullName":"dashboard helpers paginateTemplates deterministic case 96","invocations":1,"location":null,"numPassingAsserts":1,"retryReasons":[],"status":"passed","title":"paginateTemplates deterministic case 96"},{"ancestorTitles":["dashboard helpers"],"duration":0,"failureDetails":[],"failureMessages":[],"fullName":"dashboard helpers paginateTemplates deterministic case 97","invocations":1,"location":null,"numPassingAsserts":1,"retryReasons":[],"status":"passed","title":"paginateTemplates deterministic case 97"},{"ancestorTitles":["dashboard helpers"],"duration":0,"failureDetails":[],"failureMessages":[],"fullName":"dashboard helpers paginateTemplates deterministic case 98","invocations":1,"location":null,"numPassingAsserts":1,"retryReasons":[],"status":"passed","title":"paginateTemplates deterministic case 98"},{"ancestorTitles":["dashboard helpers"],"duration":0,"failureDetails":[],"failureMessages":[],"fullName":"dashboard helpers paginateTemplates deterministic case 99","invocations":1,"location":null,"numPassingAsserts":1,"retryReasons":[],"status":"passed","title":"paginateTemplates deterministic case 99"},{"ancestorTitles":["dashboard helpers"],"duration":0,"failureDetails":[],"failureMessages":[],"fullName":"dashboard helpers paginateTemplates deterministic case 100","invocations":1,"location":null,"numPassingAsserts":1,"retryReasons":[],"status":"passed","title":"paginateTemplates deterministic case 100"},{"ancestorTitles":["dashboard helpers"],"duration":0,"failureDetails":[],"failureMessages":[],"fullName":"dashboard helpers paginateTemplates deterministic case 101","invocations":1,"location":null,"numPassingAsserts":1,"retryReasons":[],"status":"passed","title":"paginateTemplates deterministic case 101"},{"ancestorTitles":["dashboard helpers"],"duration":0,"failureDetails":[],"failureMessages":[],"fullName":"dashboard helpers paginateTemplates deterministic case 102","invocations":1,"location":null,"numPassingAsserts":1,"retryReasons":[],"status":"passed","title":"paginateTemplates deterministic case 102"},{"ancestorTitles":["dashboard helpers"],"duration":0,"failureDetails":[],"failureMessages":[],"fullName":"dashboard helpers paginateTemplates deterministic case 103","invocations":1,"location":null,"numPassingAsserts":1,"retryReasons":[],"status":"passed","title":"paginateTemplates deterministic case 103"},{"ancestorTitles":["dashboard helpers"],"duration":0,"failureDetails":[],"failureMessages":[],"fullName":"dashboard helpers paginateTemplates deterministic case 104","invocations":1,"location":null,"numPassingAsserts":1,"retryReasons":[],"status":"passed","title":"paginateTemplates deterministic case 104"},{"ancestorTitles":["dashboard helpers"],"duration":0,"failureDetails":[],"failureMessages":[],"fullName":"dashboard helpers paginateTemplates deterministic case 105","invocations":1,"location":null,"numPassingAsserts":1,"retryReasons":[],"status":"passed","title":"paginateTemplates deterministic case 105"},{"ancestorTitles":["dashboard helpers"],"duration":0,"failureDetails":[],"failureMessages":[],"fullName":"dashboard helpers paginateTemplates deterministic case 106","invocations":1,"location":null,"numPassingAsserts":1,"retryReasons":[],"status":"passed","title":"paginateTemplates deterministic case 106"},{"ancestorTitles":["dashboard helpers"],"duration":1,"failureDetails":[],"failureMessages":[],"fullName":"dashboard helpers paginateTemplates deterministic case 107","invocations":1,"location":null,"numPassingAsserts":1,"retryReasons":[],"status":"passed","title":"paginateTemplates deterministic case 107"},{"ancestorTitles":["dashboard helpers"],"duration":0,"failureDetails":[],"failureMessages":[],"fullName":"dashboard helpers paginateTemplates deterministic case 108","invocations":1,"location":null,"numPassingAsserts":1,"retryReasons":[],"status":"passed","title":"paginateTemplates deterministic case 108"},{"ancestorTitles":["dashboard helpers"],"duration":0,"failureDetails":[],"failureMessages":[],"fullName":"dashboard helpers paginateTemplates deterministic case 109","invocations":1,"location":null,"numPassingAsserts":1,"retryReasons":[],"status":"passed","title":"paginateTemplates deterministic case 109"},{"ancestorTitles":["dashboard helpers"],"duration":0,"failureDetails":[],"failureMessages":[],"fullName":"dashboard helpers paginateTemplates deterministic case 110","invocations":1,"location":null,"numPassingAsserts":1,"retryReasons":[],"status":"passed","title":"paginateTemplates deterministic case 110"}],"endTime":1773526922919,"message":"","name":"/Users/cocochoi/ubiwell_microservices/apps/web-dashboard/src/lib/dashboard.test.ts","startTime":1773526921463,"status":"passed","summary":""}],"wasInterrupted":false,"coverageMap":{"/Users/cocochoi/ubiwell_microservices/apps/web-dashboard/src/lib/dashboard.ts":{"path":"/Users/cocochoi/ubiwell_microservices/apps/web-dashboard/src/lib/dashboard.ts","statementMap":{"0":{"start":{"line":9,"column":0},"end":{"line":9,"column":16}},"1":{"start":{"line":15,"column":0},"end":{"line":15,"column":16}},"2":{"start":{"line":23,"column":0},"end":{"line":23,"column":16}},"3":{"start":{"line":27,"column":0},"end":{"line":27,"column":16}},"4":{"start":{"line":33,"column":0},"end":{"line":33,"column":16}},"5":{"start":{"line":10,"column":2},"end":{"line":10,"column":51}},"6":{"start":{"line":10,"column":32},"end":{"line":10,"column":51}},"7":{"start":{"line":11,"column":2},"end":{"line":11,"column":43}},"8":{"start":{"line":11,"column":28},"end":{"line":11,"column":43}},"9":{"start":{"line":12,"column":2},"end":{"line":12,"column":22}},"10":{"start":{"line":16,"column":2},"end":{"line":20,"column":4}},"11":{"start":{"line":24,"column":2},"end":{"line":24,"column":71}},"12":{"start":{"line":24,"column":40},"end":{"line":24,"column":69}},"13":{"start":{"line":28,"column":19},"end":{"line":28,"column":36}},"14":{"start":{"line":29,"column":16},"end":{"line":29,"column":41}},"15":{"start":{"line":30,"column":2},"end":{"line":30,"column":46}},"16":{"start":{"line":40,"column":14},"end":{"line":40,"column":65}},"17":{"start":{"line":41,"column":2},"end":{"line":41,"column":45}},"18":{"start":{"line":42,"column":2},"end":{"line":42,"column":54}},"19":{"start":{"line":43,"column":2},"end":{"line":45,"column":3}},"20":{"start":{"line":44,"column":4},"end":{"line":44,"column":66}},"21":{"start":{"line":46,"column":2},"end":{"line":46,"column":24}}},"fnMap":{"0":{"name":"inferRole","decl":{"start":{"line":9,"column":16},"end":{"line":9,"column":25}},"loc":{"start":{"line":9,"column":42},"end":{"line":13,"column":1}}},"1":{"name":"getAuthHeaders","decl":{"start":{"line":15,"column":16},"end":{"line":15,"column":30}},"loc":{"start":{"line":15,"column":62},"end":{"line":21,"column":1}}},"2":{"name":"filterVisibleTemplates","decl":{"start":{"line":23,"column":16},"end":{"line":23,"column":38}},"loc":{"start":{"line":23,"column":83},"end":{"line":25,"column":1}}},"3":{"name":"(anonymous_3)","decl":{"start":{"line":24,"column":26},"end":{"line":24,"column":27}},"loc":{"start":{"line":24,"column":40},"end":{"line":24,"column":69}}},"4":{"name":"paginateTemplates","decl":{"start":{"line":27,"column":16},"end":{"line":27,"column":33}},"loc":{"start":{"line":27,"column":79},"end":{"line":31,"column":1}}},"5":{"name":"buildReportUrl","decl":{"start":{"line":33,"column":16},"end":{"line":33,"column":30}},"loc":{"start":{"line":38,"column":27},"end":{"line":47,"column":1}}}},"branchMap":{"0":{"loc":{"start":{"line":10,"column":2},"end":{"line":10,"column":51}},"type":"if","locations":[{"start":{"line":10,"column":2},"end":{"line":10,"column":51}}]},"1":{"loc":{"start":{"line":11,"column":2},"end":{"line":11,"column":43}},"type":"if","locations":[{"start":{"line":11,"column":2},"end":{"line":11,"column":43}}]},"2":{"loc":{"start":{"line":43,"column":2},"end":{"line":45,"column":3}},"type":"if","locations":[{"start":{"line":43,"column":2},"end":{"line":45,"column":3}}]}},"s":{"0":1,"1":1,"2":1,"3":1,"4":1,"5":3,"6":1,"7":2,"8":1,"9":1,"10":1,"11":2,"12":6,"13":110,"14":110,"15":110,"16":1,"17":1,"18":1,"19":1,"20":1,"21":1},"f":{"0":3,"1":1,"2":2,"3":6,"4":110,"5":1},"b":{"0":[1],"1":[1],"2":[1]}}}}
