<?xml version="1.0" encoding="utf-8"?><testsuites name="pytest tests"><testsuite name="pytest" errors="0" failures="0" skipped="0" tests="131" time="0.835" timestamp="2026-03-14T18:21:58.228883-04:00" hostname="cocos-MacBook-Pro.local"><testcase classname="tests.test_collector_service" name="test_deterministic_value_is_stable" time="0.001" /><testcase classname="tests.test_collector_service" name="test_parse_web_with_bs4_extracts_points" time="0.001" /><testcase classname="tests.test_quality_math" name="test_reliability_ratio_stays_bounded[1]" time="0.001" /><testcase classname="tests.test_quality_math" name="test_reliability_ratio_stays_bounded[2]" time="0.000" /><testcase classname="tests.test_quality_math" name="test_reliability_ratio_stays_bounded[3]" time="0.000" /><testcase classname="tests.test_quality_math" name="test_reliability_ratio_stays_bounded[4]" time="0.000" /><testcase classname="tests.test_quality_math" name="test_reliability_ratio_stays_bounded[5]" time="0.000" /><testcase classname="tests.test_quality_math" name="test_reliability_ratio_stays_bounded[6]" time="0.000" /><testcase classname="tests.test_quality_math" name="test_reliability_ratio_stays_bounded[7]" time="0.000" /><testcase classname="tests.test_quality_math" name="test_reliability_ratio_stays_bounded[8]" time="0.000" /><testcase classname="tests.test_quality_math" name="test_reliability_ratio_stays_bounded[9]" time="0.000" /><testcase classname="tests.test_quality_math" name="test_reliability_ratio_stays_bounded[10]" time="0.000" /><testcase classname="tests.test_quality_math" name="test_reliability_ratio_stays_bounded[11]" time="0.000" /><testcase classname="tests.test_quality_math" name="test_reliability_ratio_stays_bounded[12]" time="0.000" /><testcase classname="tests.test_quality_math" name="test_reliability_ratio_stays_bounded[13]" time="0.000" /><testcase classname="tests.test_quality_math" name="test_reliability_ratio_stays_bounded[14]" time="0.000" /><testcase classname="tests.test_quality_math" name="test_reliability_ratio_stays_bounded[15]" time="0.000" /><testcase classname="tests.test_quality_math" name="test_reliability_ratio_stays_bounded[16]" time="0.000" /><testcase classname="tests.test_quality_math" name="test_reliability_ratio_stays_bounded[17]" time="0.000" /><testcase classname="tests.test_quality_math" name="test_reliability_ratio_stays_bounded[18]" time="0.000" /><testcase classname="tests.test_quality_math" name="test_reliability_ratio_stays_bounded[19]" time="0.000" /><testcase classname="tests.test_quality_math" name="test_reliability_ratio_stays_bounded[20]" time="0.000" /><testcase classname="tests.test_quality_math" name="test_reliability_ratio_stays_bounded[21]" time="0.000" /><testcase classname="tests.test_quality_math" name="test_reliability_ratio_stays_bounded[22]" time="0.000" /><testcase classname="tests.test_quality_math" name="test_reliability_ratio_stays_bounded[23]" time="0.000" /><testcase classname="tests.test_quality_math" name="test_reliability_ratio_stays_bounded[24]" time="0.000" /><testcase classname="tests.test_quality_math" name="test_reliability_ratio_stays_bounded[25]" time="0.000" /><testcase classname="tests.test_quality_math" name="test_reliability_ratio_stays_bounded[26]" time="0.000" /><testcase classname="tests.test_quality_math" name="test_reliability_ratio_stays_bounded[27]" time="0.000" /><testcase classname="tests.test_quality_math" name="test_reliability_ratio_stays_bounded[28]" time="0.000" /><testcase classname="tests.test_quality_math" name="test_reliability_ratio_stays_bounded[29]" time="0.000" /><testcase classname="tests.test_quality_math" name="test_reliability_ratio_stays_bounded[30]" time="0.000" /><testcase classname="tests.test_quality_math" name="test_reliability_ratio_stays_bounded[31]" time="0.000" /><testcase classname="tests.test_quality_math" name="test_reliability_ratio_stays_bounded[32]" time="0.000" /><testcase classname="tests.test_quality_math" name="test_reliability_ratio_stays_bounded[33]" time="0.000" /><testcase classname="tests.test_quality_math" name="test_reliability_ratio_stays_bounded[34]" time="0.000" /><testcase classname="tests.test_quality_math" name="test_reliability_ratio_stays_bounded[35]" time="0.000" /><testcase classname="tests.test_quality_math" name="test_reliability_ratio_stays_bounded[36]" time="0.000" /><testcase classname="tests.test_quality_math" name="test_reliability_ratio_stays_bounded[37]" time="0.000" /><testcase classname="tests.test_quality_math" name="test_reliability_ratio_stays_bounded[38]" time="0.000" /><testcase classname="tests.test_quality_math" name="test_reliability_ratio_stays_bounded[39]" time="0.000" /><testcase classname="tests.test_quality_math" name="test_reliability_ratio_stays_bounded[40]" time="0.000" /><testcase classname="tests.test_quality_math" name="test_reliability_ratio_stays_bounded[41]" time="0.000" /><testcase classname="tests.test_quality_math" name="test_reliability_ratio_stays_bounded[42]" time="0.000" /><testcase classname="tests.test_quality_math" name="test_reliability_ratio_stays_bounded[43]" time="0.000" /><testcase classname="tests.test_quality_math" name="test_reliability_ratio_stays_bounded[44]" time="0.000" /><testcase classname="tests.test_quality_math" name="test_reliability_ratio_stays_bounded[45]" time="0.000" /><testcase classname="tests.test_quality_math" name="test_reliability_ratio_stays_bounded[46]" time="0.000" /><testcase classname="tests.test_quality_math" name="test_reliability_ratio_stays_bounded[47]" time="0.000" /><testcase classname="tests.test_quality_math" name="test_reliability_ratio_stays_bounded[48]" time="0.000" /><testcase classname="tests.test_quality_math" name="test_reliability_ratio_stays_bounded[49]" time="0.000" /><testcase classname="tests.test_quality_math" name="test_reliability_ratio_stays_bounded[50]" time="0.000" /><testcase classname="tests.test_quality_math" name="test_reliability_ratio_stays_bounded[51]" time="0.000" /><testcase classname="tests.test_quality_math" name="test_reliability_ratio_stays_bounded[52]" time="0.000" /><testcase classname="tests.test_quality_math" name="test_reliability_ratio_stays_bounded[53]" time="0.000" /><testcase classname="tests.test_quality_math" name="test_reliability_ratio_stays_bounded[54]" time="0.000" /><testcase classname="tests.test_quality_math" name="test_reliability_ratio_stays_bounded[55]" time="0.000" /><testcase classname="tests.test_quality_math" name="test_reliability_ratio_stays_bounded[56]" time="0.000" /><testcase classname="tests.test_quality_math" name="test_reliability_ratio_stays_bounded[57]" time="0.000" /><testcase classname="tests.test_quality_math" name="test_reliability_ratio_stays_bounded[58]" time="0.000" /><testcase classname="tests.test_quality_math" name="test_reliability_ratio_stays_bounded[59]" time="0.000" /><testcase classname="tests.test_quality_math" name="test_reliability_ratio_stays_bounded[60]" time="0.000" /><testcase classname="tests.test_quality_math" name="test_reliability_ratio_stays_bounded[61]" time="0.000" /><testcase classname="tests.test_quality_math" name="test_reliability_ratio_stays_bounded[62]" time="0.001" /><testcase classname="tests.test_quality_math" name="test_reliability_ratio_stays_bounded[63]" time="0.000" /><testcase classname="tests.test_quality_math" name="test_reliability_ratio_stays_bounded[64]" time="0.000" /><testcase classname="tests.test_quality_math" name="test_reliability_ratio_stays_bounded[65]" time="0.000" /><testcase classname="tests.test_quality_math" name="test_reliability_ratio_stays_bounded[66]" time="0.000" /><testcase classname="tests.test_quality_math" name="test_reliability_ratio_stays_bounded[67]" time="0.000" /><testcase classname="tests.test_quality_math" name="test_reliability_ratio_stays_bounded[68]" time="0.000" /><testcase classname="tests.test_quality_math" name="test_reliability_ratio_stays_bounded[69]" time="0.000" /><testcase classname="tests.test_quality_math" name="test_reliability_ratio_stays_bounded[70]" time="0.000" /><testcase classname="tests.test_quality_math" name="test_reliability_ratio_stays_bounded[71]" time="0.000" /><testcase classname="tests.test_quality_math" name="test_reliability_ratio_stays_bounded[72]" time="0.000" /><testcase classname="tests.test_quality_math" name="test_reliability_ratio_stays_bounded[73]" time="0.000" /><testcase classname="tests.test_quality_math" name="test_reliability_ratio_stays_bounded[74]" time="0.001" /><testcase classname="tests.test_quality_math" name="test_reliability_ratio_stays_bounded[75]" time="0.001" /><testcase classname="tests.test_quality_math" name="test_reliability_ratio_stays_bounded[76]" time="0.000" /><testcase classname="tests.test_quality_math" name="test_reliability_ratio_stays_bounded[77]" time="0.000" /><testcase classname="tests.test_quality_math" name="test_reliability_ratio_stays_bounded[78]" time="0.000" /><testcase classname="tests.test_quality_math" name="test_reliability_ratio_stays_bounded[79]" time="0.000" /><testcase classname="tests.test_quality_math" name="test_reliability_ratio_stays_bounded[80]" time="0.000" /><testcase classname="tests.test_quality_math" name="test_reliability_ratio_stays_bounded[81]" time="0.000" /><testcase classname="tests.test_quality_math" name="test_reliability_ratio_stays_bounded[82]" time="0.000" /><testcase classname="tests.test_quality_math" name="test_reliability_ratio_stays_bounded[83]" time="0.000" /><testcase classname="tests.test_quality_math" name="test_reliability_ratio_stays_bounded[84]" time="0.000" /><testcase classname="tests.test_quality_math" name="test_reliability_ratio_stays_bounded[85]" time="0.000" /><testcase classname="tests.test_quality_math" name="test_reliability_ratio_stays_bounded[86]" time="0.000" /><testcase classname="tests.test_quality_math" name="test_reliability_ratio_stays_bounded[87]" time="0.000" /><testcase classname="tests.test_quality_math" name="test_reliability_ratio_stays_bounded[88]" time="0.000" /><testcase classname="tests.test_quality_math" name="test_reliability_ratio_stays_bounded[89]" time="0.000" /><testcase classname="tests.test_quality_math" name="test_reliability_ratio_stays_bounded[90]" time="0.000" /><testcase classname="tests.test_quality_math" name="test_reliability_ratio_stays_bounded[91]" time="0.000" /><testcase classname="tests.test_quality_math" name="test_reliability_ratio_stays_bounded[92]" time="0.000" /><testcase classname="tests.test_quality_math" name="test_reliability_ratio_stays_bounded[93]" time="0.000" /><testcase classname="tests.test_quality_math" name="test_reliability_ratio_stays_bounded[94]" time="0.000" /><testcase classname="tests.test_quality_math" name="test_reliability_ratio_stays_bounded[95]" time="0.000" /><testcase classname="tests.test_quality_math" name="test_reliability_ratio_stays_bounded[96]" time="0.000" /><testcase classname="tests.test_quality_math" name="test_reliability_ratio_stays_bounded[97]" time="0.000" /><testcase classname="tests.test_quality_math" name="test_reliability_ratio_stays_bounded[98]" time="0.000" /><testcase classname="tests.test_quality_math" name="test_reliability_ratio_stays_bounded[99]" time="0.000" /><testcase classname="tests.test_quality_math" name="test_reliability_ratio_stays_bounded[100]" time="0.000" /><testcase classname="tests.test_quality_math" name="test_reliability_ratio_stays_bounded[101]" time="0.000" /><testcase classname="tests.test_quality_math" name="test_reliability_ratio_stays_bounded[102]" time="0.000" /><testcase classname="tests.test_quality_math" name="test_reliability_ratio_stays_bounded[103]" time="0.000" /><testcase classname="tests.test_quality_math" name="test_reliability_ratio_stays_bounded[104]" time="0.000" /><testcase classname="tests.test_quality_math" name="test_reliability_ratio_stays_bounded[105]" time="0.000" /><testcase classname="tests.test_quality_math" name="test_reliability_ratio_stays_bounded[106]" time="0.000" /><testcase classname="tests.test_quality_math" name="test_reliability_ratio_stays_bounded[107]" time="0.000" /><testcase classname="tests.test_quality_math" name="test_reliability_ratio_stays_bounded[108]" time="0.000" /><testcase classname="tests.test_quality_math" name="test_reliability_ratio_stays_bounded[109]" time="0.000" /><testcase classname="tests.test_quality_math" name="test_reliability_ratio_stays_bounded[110]" time="0.000" /><testcase classname="tests.test_quality_math" name="test_bug_reduction_percent[100-20-80.0]" time="0.001" /><testcase classname="tests.test_quality_math" name="test_bug_reduction_percent[50-10-80.0]" time="0.000" /><testcase classname="tests.test_quality_math" name="test_bug_reduction_percent[30-6-80.0]" time="0.000" /><testcase classname="tests.test_quality_math" name="test_bug_reduction_percent[10-2-80.0]" time="0.000" /><testcase classname="tests.test_quality_math" name="test_coverage_gate_met[92.0]" time="0.000" /><testcase classname="tests.test_quality_math" name="test_coverage_gate_met[92.1]" time="0.000" /><testcase classname="tests.test_quality_math" name="test_coverage_gate_met[99.0]" time="0.000" /><testcase classname="tests.test_quality_math" name="test_coverage_gate_met[100.0]" time="0.000" /><testcase classname="tests.test_quality_math" name="test_coverage_gate_not_met" time="0.000" /><testcase classname="tests.test_quality_math" name="test_weekly_hours_saved[40.0-20.0-20.0]" time="0.000" /><testcase classname="tests.test_quality_math" name="test_weekly_hours_saved[32.5-12.5-20.0]" time="0.000" /><testcase classname="tests.test_quality_math" name="test_weekly_hours_saved[25.0-5.0-20.0]" time="0.000" /><testcase classname="tests.test_quality_math" name="test_reliability_ratio_with_zero_total" time="0.000" /><testcase classname="tests.test_quality_math" name="test_bug_reduction_with_zero_pre_period" time="0.000" /><testcase classname="tests.test_quality_math" name="test_weekly_hours_saved_when_negative_delta" time="0.000" /><testcase classname="tests.test_realtime_service" name="test_role_based_widget_access" time="0.003" /><testcase classname="tests.test_realtime_service" name="test_websocket_rejects_tenant_mismatch" time="0.010" /><testcase classname="tests.test_report_service" name="test_report_cache_hit_and_miss" time="0.073" /><testcase classname="tests.test_report_service" name="test_invalidate_report_cache_removes_layers" time="0.006" /></testsuite></testsuites>