TN:
SF:src/lib/dashboard.ts
FN:9,inferRole
FN:15,getAuthHeaders
FN:23,filterVisibleTemplates
FN:24,(anonymous_3)
FN:27,paginateTemplates
FN:33,buildReportUrl
FNF:6
FNH:6
FNDA:3,inferRole
FNDA:1,getAuthHeaders
FNDA:2,filterVisibleTemplates
FNDA:6,(anonymous_3)
FNDA:110,paginateTemplates
FNDA:1,buildReportUrl
DA:9,1
DA:10,3
DA:11,2
DA:12,1
DA:15,1
DA:16,1
DA:23,1
DA:24,6
DA:27,1
DA:28,110
DA:29,110
DA:30,110
DA:33,1
DA:40,1
DA:41,1
DA:42,1
DA:43,1
DA:44,1
DA:46,1
LF:19
LH:19
BRDA:10,0,0,1
BRDA:11,1,0,1
BRDA:43,2,0,1
BRF:3
BRH:3
end_of_record
